{"level":"info","message":" [09/12/2022 03:06:53] GET : / (function status(code) {\n  if ((typeof code === 'string' || Math.floor(code) !== code) && code > 99 && code < 1000) {\n    deprecate('res.status(' + JSON.stringify(code) + '): use res.status(' + Math.floor(code) + ') instead')\n  }\n  this.statusCode = code;\n  return this;\n})"}
{"level":"info","message":" [09/12/2022 03:08:17] GET : / (200)"}
{"level":"info","message":" [09/12/2022 03:08:40] GET : / (200)"}
{"level":"info","message":" [09/12/2022 03:09:07] GET : \"/\" (200)"}
{"level":"info","message":" [09/12/2022 03:09:20] GET : '/' (200)"}
{"level":"info","message":" [09/12/2022 15:10:22] GET : '/' (200)"}
{"level":"info","message":" [09/12/2022 15:10:27] GET : '/' (200)"}
{"level":"info","message":" [09/12/2022 15:10:59] [GET] : '/' (200)"}
{"level":"info","message":" [12/12/2022 14:10:26] [GET] : '/' (200)"}
{"level":"info","message":" [12/12/2022 14:10:31] [GET] : '/favicon.ico' (200)"}
{"level":"info","message":" [12/12/2022 17:03:39] [GET] : '/' (200)"}
{"level":"info","message":" [12/12/2022 17:04:39] [GET] : '/' (200)"}
{"level":"info","message":" [12/12/2022 17:16:43] [GET] : '/' (200)"}
{"level":"info","message":" [12/12/2022 17:18:59] [GET] : '/' (200)"}
{"level":"info","message":" [12/12/2022 17:20:54] [GET] : '/' (200)"}
{"level":"info","message":" [12/12/2022 17:23:50] [GET] : '/' (200)"}
{"level":"info","message":" [12/12/2022 17:25:13] [GET] : '/' (200)"}
{"level":"info","message":" [12/12/2022 17:25:18] [GET] : '/' (200)"}
{"level":"info","message":" [12/12/2022 17:25:27] [GET] : '/' (200)"}
{"level":"info","message":" [12/12/2022 17:26:39] [GET] : '/' (200)"}
{"level":"info","message":" [12/12/2022 17:26:54] [GET] : '/' (200)"}
{"level":"info","message":" [13/12/2022 17:04:27] [GET] : '/' (200)"}
{"level":"info","message":" [13/12/2022 17:04:28] [GET] : '/favicon.ico' (200)"}
{"level":"info","message":" [13/12/2022 17:04:43] [GET] : '/' (200)"}
{"level":"info","message":" [13/12/2022 17:18:01] [GET] : '/' (200)"}
{"level":"info","message":" [13/12/2022 17:19:24] [GET] : '/' (200)"}
{"level":"info","message":" [13/12/2022 17:19:29] [GET] : '/' (200)"}
{"level":"info","message":" [13/12/2022 17:20:50] [GET] : '/' (200)"}
{"level":"info","message":" [16/12/2022 10:21:51] [GET] : '/' (200)"}
{"level":"info","message":" [16/12/2022 10:21:51] [GET] : '/favicon.ico' (200)"}
{"level":"info","message":" [16/12/2022 10:26:06] [GET] : '/' (200)"}
{"level":"info","message":" [16/12/2022 10:32:10] [GET] : '/' (200)"}
{"level":"info","message":" [16/12/2022 10:32:27] [GET] : '/' (200)"}
{"level":"info","message":" [27/12/2022 13:49:06] [GET] : '/' (200)"}
{"level":"info","message":" [27/12/2022 13:49:38] [GET] : '/favicon.ico' (200)"}
{"level":"info","message":" [27/12/2022 13:50:59] [GET] : '/' (200)"}
{"level":"info","message":" [27/12/2022 13:51:13] [GET] : '/' (200)"}
{"level":"info","message":" [27/12/2022 13:57:44] [GET] : '/' (200)"}
{"level":"info","message":" [27/12/2022 13:59:13] [GET] : '/' (200)"}
{"level":"info","message":" [27/12/2022 14:01:08] [GET] : '/' (200)"}
{"level":"info","message":" [27/12/2022 14:13:35] [GET] : '/' (200)"}
